[0m06:16:07.808411 [debug] [MainThread]: Sending event: {'category': 'dbt', 'action': 'invocation', 'label': 'start', 'context': [<snowplow_tracker.self_describing_json.SelfDescribingJson object at 0x7fed01bbc430>, <snowplow_tracker.self_describing_json.SelfDescribingJson object at 0x7fed022c3d60>, <snowplow_tracker.self_describing_json.SelfDescribingJson object at 0x7fed022c3d00>]}


============================== 06:16:07.810580 | f2617f42-8ab4-44ec-aebb-65d6db3eba96 ==============================
[0m06:16:07.810580 [info ] [MainThread]: Running with dbt=1.7.4
[0m06:16:07.811046 [debug] [MainThread]: running dbt with arguments {'printer_width': '80', 'indirect_selection': 'eager', 'log_cache_events': 'False', 'write_json': 'True', 'partial_parse': 'True', 'cache_selected_only': 'False', 'profiles_dir': '/root/.dbt', 'debug': 'False', 'warn_error': 'None', 'log_path': 'logs', 'fail_fast': 'False', 'version_check': 'True', 'use_colors': 'True', 'use_experimental_parser': 'False', 'no_print': 'None', 'quiet': 'False', 'log_format': 'default', 'introspect': 'True', 'static_parser': 'True', 'invocation_command': 'dbt init sample_pjr', 'target_path': 'None', 'warn_error_options': 'WarnErrorOptions(include=[], exclude=[])', 'send_anonymous_usage_stats': 'True'}
[0m06:16:07.811463 [warn ] [MainThread]: [ConfigFolderDirectory]: Unable to parse dict {'dir': PosixPath('/root/.dbt')}
[0m06:16:07.811736 [info ] [MainThread]: Creating dbt configuration folder at 
[0m06:16:07.812490 [debug] [MainThread]: Starter project path: /home/venvs/dbt_env/lib/python3.9/site-packages/dbt/include/starter_project
[0m06:16:07.817498 [info ] [MainThread]: 
Your new dbt project "sample_pjr" was created!

For more information on how to configure the profiles.yml file,
please consult the dbt documentation here:

  https://docs.getdbt.com/docs/configure-your-profile

One more thing:

Need help? Don't hesitate to reach out to us via GitHub issues or on Slack:

  https://community.getdbt.com/

Happy modeling!

[0m06:16:07.817788 [info ] [MainThread]: Setting up your profile.
[0m06:16:11.383939 [info ] [MainThread]: Profile sample_pjr written to /root/.dbt/profiles.yml using target's sample configuration. Once updated, you'll be able to start developing with dbt.
[0m06:16:11.384930 [debug] [MainThread]: Resource report: {"command_name": "init", "command_success": true, "command_wall_clock_time": 3.581034, "process_user_time": 1.052325, "process_kernel_time": 0.03597, "process_mem_max_rss": "87872", "process_out_blocks": "8", "process_in_blocks": "0"}
[0m06:16:11.385351 [debug] [MainThread]: Command `dbt init` succeeded at 06:16:11.385262 after 3.58 seconds
[0m06:16:11.385635 [debug] [MainThread]: Sending event: {'category': 'dbt', 'action': 'invocation', 'label': 'end', 'context': [<snowplow_tracker.self_describing_json.SelfDescribingJson object at 0x7fed01bbc430>, <snowplow_tracker.self_describing_json.SelfDescribingJson object at 0x7fed022d4790>, <snowplow_tracker.self_describing_json.SelfDescribingJson object at 0x7fecfff6a310>]}
[0m06:16:11.385923 [debug] [MainThread]: Flushing usage events
